2025-06-13 08:19:49 - Neovide panicked with the message 'called `Result::unwrap()` on an `Err` value: Error { code: HRESULT(0x887A0005), message: "The GPU device instance has been suspended. Use GetDeviceRemovedReason to determine the appropriate action." }'. (File: src\renderer\d3d.rs; Line: 288, Column: 22)
   0: <unknown>
   1: <unknown>
   2: <unknown>
   3: <unknown>
   4: <unknown>
   5: <unknown>
   6: <unknown>
   7: <unknown>
   8: <unknown>
   9: <unknown>
  10: <unknown>
  11: <unknown>
  12: <unknown>
  13: <unknown>
  14: <unknown>
  15: CallWindowProcW
  16: DispatchMessageW
  17: <unknown>
  18: <unknown>
  19: <unknown>
  20: <unknown>
  21: <unknown>
  22: BaseThreadInitThunk
  23: RtlUserThreadStart

2025-06-13 08:19:49 - Neovide panicked with the message 'called `Result::unwrap()` on an `Err` value: Error { code: HRESULT(0x887A0005), message: "The GPU device instance has been suspended. Use GetDeviceRemovedReason to determine the appropriate action." }'. (File: src\renderer\d3d.rs; Line: 315, Column: 18)
   0: <unknown>
   1: <unknown>
   2: <unknown>
   3: <unknown>
   4: <unknown>
   5: <unknown>
   6: <unknown>
   7: <unknown>
   8: <unknown>
   9: <unknown>
  10: <unknown>
  11: <unknown>
  12: <unknown>
  13: <unknown>
  14: _CxxFrameHandler3
  15: is_exception_typeof
  16: is_exception_typeof
  17: _CxxFrameHandler3
  18: _chkstk
  19: RtlUnwindEx
  20: _C_specific_handler
  21: is_exception_typeof
  22: is_exception_typeof
  23: is_exception_typeof
  24: _CxxFrameHandler3
  25: _chkstk
  26: RtlRaiseException
  27: RtlRaiseException
  28: RaiseException
  29: CxxThrowException
  30: <unknown>
  31: <unknown>
  32: <unknown>
  33: <unknown>
  34: <unknown>
  35: <unknown>
  36: <unknown>
  37: <unknown>
  38: <unknown>
  39: <unknown>
  40: <unknown>
  41: <unknown>
  42: <unknown>
  43: <unknown>
  44: <unknown>
  45: CallWindowProcW
  46: DispatchMessageW
  47: <unknown>
  48: <unknown>
  49: <unknown>
  50: <unknown>
  51: <unknown>
  52: BaseThreadInitThunk
  53: RtlUserThreadStart

